<?xml version="1.0" encoding="UTF-8"?>
<testng-results ignored="0" total="1" passed="1" failed="0" skipped="0">
  <reporter-output>
  </reporter-output>
  <suite started-at="2026-08-19T14:47:02 IST" name="Default suite" finished-at="2026-08-19T14:47:12 IST" duration-ms="9660">
    <groups>
    </groups>
    <test started-at="2026-08-19T14:47:02 IST" name="Default test" finished-at="2026-08-19T14:47:12 IST" duration-ms="9660">
      <class name="com.coforge.screenshot.testdemo.ScreenShotOverlapDemo">
        <test-method is-config="true" signature="Browser()[pri:0, instance:com.coforge.screenshot.testdemo.ScreenShotOverlapDemo@7674f035]" started-at="2026-08-19T14:47:02 IST" name="Browser" finished-at="2026-08-19T14:47:06 IST" duration-ms="3909" status="PASS">
          <reporter-output>
          </reporter-output>
        </test-method> <!-- Browser -->
        <test-method signature="case6()[pri:0, instance:com.coforge.screenshot.testdemo.ScreenShotOverlapDemo@7674f035]" started-at="2026-08-19T14:47:06 IST" name="case6" finished-at="2026-08-19T14:47:11 IST" duration-ms="5274" status="PASS">
          <reporter-output>
          </reporter-output>
        </test-method> <!-- case6 -->
        <test-method is-config="true" signature="close()[pri:0, instance:com.coforge.screenshot.testdemo.ScreenShotOverlapDemo@7674f035]" started-at="2026-08-19T14:47:11 IST" name="close" finished-at="2026-08-19T14:47:12 IST" duration-ms="406" status="PASS">
          <reporter-output>
          </reporter-output>
        </test-method> <!-- close -->
      </class> <!-- com.coforge.screenshot.testdemo.ScreenShotOverlapDemo -->
    </test> <!-- Default test -->
  </suite> <!-- Default suite -->
</testng-results>
